<?xml version="1.0" encoding="UTF-8"?>
<!-- Generated by org.testng.reporters.JUnitXMLReporter -->
<testsuite ignored="2" hostname="INBE5CD141LJFS" failures="0" tests="2" name="Test2" time="0.016" errors="0" timestamp="2023-08-24T16:38:34 IST">
  <testcase classname="com.hyr.listeners.TestClass1" name="method3" time="0.003"/>
  <testcase classname="com.hyr.listeners.TestClass1" name="method4" time="0.004"/>
  <testcase classname="com.hyr.listeners.TestClass1" name="method2" time="0.0">
    <ignored/>
  </testcase> <!-- method2 -->
  <testcase classname="com.hyr.listeners.TestClass1" name="method1" time="0.0">
    <ignored/>
  </testcase> <!-- method1 -->
</testsuite> <!-- Test2 -->
