<?xml version="1.0" encoding="UTF-8"?>
<testng-results ignored="0" total="1" passed="1" failed="0" skipped="0">
  <reporter-output>
  </reporter-output>
  <suite started-at="2023-08-28T13:12:31 IST" name="Default suite" finished-at="2023-08-28T13:12:36 IST" duration-ms="4640">
    <groups>
    </groups>
    <test started-at="2023-08-28T13:12:31 IST" name="Default test" finished-at="2023-08-28T13:12:36 IST" duration-ms="4640">
      <class name="com.capco.driver.CapcoDriver">
        <test-method signature="test()[pri:0, instance:com.capco.driver.CapcoDriver@3932c79a]" started-at="2023-08-28T13:12:31 IST" name="test" finished-at="2023-08-28T13:12:36 IST" duration-ms="4519" status="PASS">
          <reporter-output>
          </reporter-output>
        </test-method> <!-- test -->
      </class> <!-- com.capco.driver.CapcoDriver -->
    </test> <!-- Default test -->
  </suite> <!-- Default suite -->
</testng-results>
